#
# A fatal error has been detected by the Java Runtime Environment:
#
#  SIGSEGV (0xb) at pc=0x00007f9d22c3124d, pid=3430581, tid=3430583
#
# JRE version: OpenJDK Runtime Environment (14.0.1+7) (build 14.0.1+7-Ubuntu-1ubuntu1)
# Java VM: OpenJDK 64-Bit Server VM (14.0.1+7-Ubuntu-1ubuntu1, mixed mode, sharing, tiered, compressed oops, serial gc, linux-amd64)
# Problematic frame:
# V  [libjvm.so+0xed924d]
#
# No core dump will be written. Core dumps have been disabled. To enable core dumping, try "ulimit -c unlimited" before starting Java again
#
# If you would like to submit a bug report, please visit:
#   Unknown
#

---------------  S U M M A R Y ------------

Command Line: jetty-websocket-1.0-SNAPSHOT-jar-with-dependencies.jar

Host: Intel(R) Xeon(R) Gold 5120 CPU @ 2.20GHz, 1 cores, 450M, Ubuntu 20.04.1 LTS
Time: Wed Aug  4 03:05:13 2021 UTC elapsed time: 5263148 seconds (60d 21h 59m 8s)

---------------  T H R E A D  ---------------

Current thread (0x00007f9d1c08d000):  VMThread "VM Thread" [stack: 0x00007f9d20c4a000,0x00007f9d20d4a000] [id=3430583]

Stack: [0x00007f9d20c4a000,0x00007f9d20d4a000],  sp=0x00007f9d20d48980,  free space=1018k
Native frames: (J=compiled Java code, A=aot compiled Java code, j=interpreted, Vv=VM code, C=native code)
V  [libjvm.so+0xed924d]
V  [libjvm.so+0xedea83]
V  [libjvm.so+0xedef7c]
V  [libjvm.so+0xedf2ca]
V  [libjvm.so+0xe68e9f]
V  [libjvm.so+0xb9013f]


siginfo: si_signo: 11 (SIGSEGV), si_code: 1 (SEGV_MAPERR), si_addr: 0x0000000000000088

Register to memory mapping:

RAX=0x0000000000000088 is an unknown value
RBX=0x00007f9d1c023a30 points into unknown readable memory: 00 00 00 00 00 00 00 00
RCX=0x0000000000000018 is an unknown value
RDX=0x00007f9d1c08e150 points into unknown readable memory: 02 00 00 00 00 00 00 00
RSP=0x00007f9d20d48980 points into unknown readable memory: 98 8b d4 20 9d 7f 00 00
RBP=0x00007f9d20d48a70 points into unknown readable memory: 30 8b d4 20 9d 7f 00 00
RSI=0x000000002aded74c is an unknown value
RDI=0x00007f9d036877c0 is pointing into the stack for thread: 0x00007f9d1c1ec000
R8 =0x00007fff3ff43090 points into unknown readable memory: ff ff ff ff ff ff ff ff
R9 =0x00007f9d20d48a48 points into unknown readable memory: 30 3a 02 1c 9d 7f 00 00
R10=0x00007f9d20d48a40 points into unknown readable memory: 11 75 36 01 00 00 00 00
R11=0x0000000001367511 is an unknown value
R12=0x00007f9d2305bf60: <offset 0x0000000001303f60> in /usr/lib/jvm/java-14-openjdk-amd64/lib/server/libjvm.so at 0x00007f9d21d58000
R13=0x00007f9d036877c0 is pointing into the stack for thread: 0x00007f9d1c1ec000
R14=0x00007f9d1c08d720 points into unknown readable memory: 02 00 00 00 00 00 00 00
R15=0x00007f9d1c08d720 points into unknown readable memory: 02 00 00 00 00 00 00 00


Registers:
RAX=0x0000000000000088, RBX=0x00007f9d1c023a30, RCX=0x0000000000000018, RDX=0x00007f9d1c08e150
RSP=0x00007f9d20d48980, RBP=0x00007f9d20d48a70, RSI=0x000000002aded74c, RDI=0x00007f9d036877c0
R8 =0x00007fff3ff43090, R9 =0x00007f9d20d48a48, R10=0x00007f9d20d48a40, R11=0x0000000001367511
R12=0x00007f9d2305bf60, R13=0x00007f9d036877c0, R14=0x00007f9d1c08d720, R15=0x00007f9d1c08d720
RIP=0x00007f9d22c3124d, EFLAGS=0x0000000000010246, CSGSFS=0x002b000000000033, ERR=0x0000000000000004
  TRAPNO=0x000000000000000e

Top of Stack: (sp=0x00007f9d20d48980)
0x00007f9d20d48980:   00007f9d20d48b98 00000000000003d8
0x00007f9d20d48990:   00007f9d1c023e18 00007f9d1c023a40
0x00007f9d20d489a0:   0000000000000000 0000001c2307507b
0x00007f9d20d489b0:   0000000000000100 0000000000000000 

Instructions: (pc=0x00007f9d22c3124d)
0x00007f9d22c3114d:   f7 e8 1d cc f9 ff 48 89 45 88 eb 93 90 66 0f 1f
0x00007f9d22c3115d:   44 00 00 f3 0f 1e fa 48 89 77 08 c3 90 66 0f 1f
0x00007f9d22c3116d:   44 00 00 f3 0f 1e fa 55 48 89 e5 41 57 41 56 41
0x00007f9d22c3117d:   55 49 89 fd 41 54 4c 8d 25 d6 ad 42 00 53 48 81
0x00007f9d22c3118d:   ec c8 00 00 00 66 48 8d 3d 06 8e 37 00 66 66 48
0x00007f9d22c3119d:   e8 6e 53 35 ff 48 83 3d ee ad 42 00 00 48 8b 00
0x00007f9d22c311ad:   4c 8b b0 78 02 00 00 49 8b 46 18 49 8b 5e 10 48
0x00007f9d22c311bd:   89 85 28 ff ff ff 49 8b 46 20 48 89 85 20 ff ff
0x00007f9d22c311cd:   ff 49 8b 46 28 48 89 85 18 ff ff ff 74 6b 4c 8d
0x00007f9d22c311dd:   bd 30 ff ff ff be 50 00 00 00 4c 89 ff e8 81 22
0x00007f9d22c311ed:   cc ff 48 8d 05 22 10 2e 00 48 8d bd 68 ff ff ff
0x00007f9d22c311fd:   48 83 c0 10 48 89 85 30 ff ff ff e8 b3 d2 b3 ff
0x00007f9d22c3120d:   4c 89 ff 31 c0 4c 89 65 c8 48 8d 35 53 f2 10 00
0x00007f9d22c3121d:   c7 45 c0 02 00 00 00 e8 67 2a cc ff 49 8b 45 00
0x00007f9d22c3122d:   4c 89 fe 4c 89 ef ff 50 38 4c 89 ff e8 62 31 cc
0x00007f9d22c3123d:   ff 4c 89 ff e8 5a d1 b3 ff 49 8b 45 00 4c 89 ef
0x00007f9d22c3124d:   ff 10 48 83 3d 41 ad 42 00 00 74 6b 4c 8d bd 30
0x00007f9d22c3125d:   ff ff ff be 50 00 00 00 4c 89 ff e8 03 22 cc ff
0x00007f9d22c3126d:   48 8d 05 a4 0f 2e 00 48 8d bd 68 ff ff ff 48 83
0x00007f9d22c3127d:   c0 10 48 89 85 30 ff ff ff e8 35 d2 b3 ff 4c 89
0x00007f9d22c3128d:   ff 31 c0 4c 89 65 c8 48 8d 35 dc f1 10 00 c7 45
0x00007f9d22c3129d:   c0 02 00 00 00 e8 e9 29 cc ff 49 8b 45 00 4c 89
0x00007f9d22c312ad:   fe 4c 89 ef ff 50 38 4c 89 ff e8 e4 30 cc ff 4c
0x00007f9d22c312bd:   89 ff e8 dc d0 b3 ff 48 83 3b 00 74 17 48 8b b5
0x00007f9d22c312cd:   18 ff ff ff 4c 89 f7 e8 c7 cd 4b ff 48 89 df e8
0x00007f9d22c312dd:   ef be 4b ff 48 8b 85 20 ff ff ff 66 48 0f 6e c3
0x00007f9d22c312ed:   0f 16 85 28 ff ff ff 49 89 46 20 41 0f 11 46 10
0x00007f9d22c312fd:   48 81 c4 c8 00 00 00 5b 41 5c 41 5d 41 5e 41 5f
0x00007f9d22c3130d:   5d c3 90 f3 0f 1e fa 66 0f ef c0 66 48 0f 6e ca
0x00007f9d22c3131d:   48 8d 05 34 7e 2e 00 48 c7 47 08 00 00 00 00 0f
0x00007f9d22c3132d:   11 47 18 66 48 0f 6e c6 66 0f 6c c1 48 c7 47 10
0x00007f9d22c3133d:   00 00 00 00 48 89 07 89 4f 38 0f 11 47 28 c3 0f 


Stack slot to memory mapping:
stack at sp + 0 slots: 0x00007f9d20d48b98 points into unknown readable memory: 45 78 65 63 75 74 69 6e
stack at sp + 1 slots: 0x00000000000003d8 is an unknown value
stack at sp + 2 slots: 0x00007f9d1c023e18 points into unknown readable memory: f5 00 00 00 00 00 00 00
stack at sp + 3 slots: 0x00007f9d1c023a40 points into unknown readable memory: 24 62 2b e8 9c 7f 00 00
stack at sp + 4 slots: 0x0 is NULL
stack at sp + 5 slots: 0x0000001c2307507b is an unknown value
stack at sp + 6 slots: 0x0000000000000100 is an unknown value
stack at sp + 7 slots: 0x0 is NULL


[error occurred during error reporting (printing VM operation), id 0xb, SIGSEGV (0xb) at pc=0x00007f9d22c2ccde]


---------------  P R O C E S S  ---------------

Threads class SMR info:
_java_thread_list=0x00007f9cfc05f860, length=21, elements={
0x00007f9d1c016000, 0x00007f9d1c090000, 0x00007f9d1c092000, 0x00007f9d1c099000,
0x00007f9d1c09b000, 0x00007f9d1c09d000, 0x00007f9d1c09f000, 0x00007f9d1c0a1000,
0x00007f9d1c0e4000, 0x00007f9d1c0e8800, 0x00007f9d1c1ec000, 0x00007f9d1c200800,
0x00007f9d1c201000, 0x00007f9d1c202800, 0x00007f9d1c215000, 0x00007f9d1c216800,
0x00007f9d1c218000, 0x00007f9d1c21a000, 0x00007f9d1c21b800, 0x00007f9d1c23d800,
0x00007f9d1c2fd000
}

Java Threads: ( => current thread )
  0x00007f9d1c016000 JavaThread "main" [_thread_blocked, id=3430582, stack(0x00007f9d2190c000,0x00007f9d21a0d000)]
  0x00007f9d1c090000 JavaThread "Reference Handler" daemon [_thread_blocked, id=3430584, stack(0x00007f9d20b47000,0x00007f9d20c48000)]
  0x00007f9d1c092000 JavaThread "Finalizer" daemon [_thread_blocked, id=3430585, stack(0x00007f9d20a46000,0x00007f9d20b47000)]
  0x00007f9d1c099000 JavaThread "Signal Dispatcher" daemon [_thread_blocked, id=3430586, stack(0x00007f9d20147000,0x00007f9d20248000)]
  0x00007f9d1c09b000 JavaThread "Service Thread" daemon [_thread_blocked, id=3430587, stack(0x00007f9d20046000,0x00007f9d20147000)]
  0x00007f9d1c09d000 JavaThread "C2 CompilerThread0" daemon [_thread_blocked, id=3430588, stack(0x00007f9d03b8f000,0x00007f9d03c90000)]
  0x00007f9d1c09f000 JavaThread "C1 CompilerThread0" daemon [_thread_blocked, id=3430589, stack(0x00007f9d03a8e000,0x00007f9d03b8f000)]
  0x00007f9d1c0a1000 JavaThread "Sweeper thread" daemon [_thread_blocked, id=3430590, stack(0x00007f9d0398d000,0x00007f9d03a8e000)]
  0x00007f9d1c0e4000 JavaThread "Notification Thread" daemon [_thread_blocked, id=3430591, stack(0x00007f9d0388c000,0x00007f9d0398d000)]
  0x00007f9d1c0e8800 JavaThread "Common-Cleaner" daemon [_thread_blocked, id=3430593, stack(0x00007f9d03689000,0x00007f9d0378a000)]
  0x00007f9d1c1ec000 JavaThread "Thread-0" [_thread_blocked, id=3430594, stack(0x00007f9d03588000,0x00007f9d03689000)]
  0x00007f9d1c200800 JavaThread "qtp326549596-13-selector-ServerConnectorManager@22cb347b/0" [_thread_in_native, id=3430596, stack(0x00007f9d03487000,0x00007f9d03588000)]
  0x00007f9d1c201000 JavaThread "qtp326549596-14-acceptor-0@2d5d626e-ServerConnector@685ff9a1{HTTP/1.1}{0.0.0.0:5080}" [_thread_in_native, id=3430597, stack(0x00007f9d03386000,0x00007f9d03487000)]
  0x00007f9d1c202800 JavaThread "qtp326549596-15-selector-ServerConnectorManager@67b11b17/0" [_thread_in_native, id=3430598, stack(0x00007f9d03285000,0x00007f9d03386000)]
  0x00007f9d1c215000 JavaThread "qtp326549596-16-acceptor-0@7ed0ea8c-ServerConnector@70170b26{SSL-HTTP/1.1}{0.0.0.0:8502}" [_thread_in_native, id=3430599, stack(0x00007f9d03184000,0x00007f9d03285000)]
  0x00007f9d1c216800 JavaThread "qtp326549596-17" [_thread_blocked, id=3430600, stack(0x00007f9d03083000,0x00007f9d03184000)]
  0x00007f9d1c218000 JavaThread "qtp326549596-18" [_thread_blocked, id=3430601, stack(0x00007f9d02f82000,0x00007f9d03083000)]
  0x00007f9d1c21a000 JavaThread "qtp326549596-19" [_thread_blocked, id=3430602, stack(0x00007f9d02e81000,0x00007f9d02f82000)]
  0x00007f9d1c21b800 JavaThread "qtp326549596-20" [_thread_blocked, id=3430603, stack(0x00007f9d02d80000,0x00007f9d02e81000)]
  0x00007f9d1c23d800 JavaThread "org.eclipse.jetty.server.session.HashSessionManager@2f7a2457Timer" daemon [_thread_blocked, id=3430604, stack(0x00007f9d02c7f000,0x00007f9d02d80000)]
  0x00007f9d1c2fd000 JavaThread "Scheduler-242481580" [_thread_blocked, id=3430605, stack(0x00007f9d02b4c000,0x00007f9d02c4d000)]

Other Threads:
=>0x00007f9d1c08d000 VMThread "VM Thread" [stack: 0x00007f9d20c4a000,0x00007f9d20d4a000] [id=3430583]
  0x00007f9d1c0e6000 WatcherThread [stack: 0x00007f9d0378c000,0x00007f9d0388c000] [id=3430592]

Threads with active compile tasks:

VM state:at safepoint (normal execution)

VM Mutex/Monitor currently owned by a thread:  ([mutex/lock_event])
[0x00007f9d1c011ab0] Threads_lock - owner thread: 0x00007f9d1c08d000

OutOfMemory and StackOverflow Exception counts:
OutOfMemoryError java_heap_errors=1
LinkageErrors=15

Heap address: 0x00000000f8200000, size: 126 MB, Compressed Oops mode: 32-bit
Narrow klass base: 0x0000000800000000, Narrow klass shift: 3
Compressed class space size: 1073741824 Address: 0x0000000800b18000

Heap:
 def new generation   total 3840K, used 3456K [0x00000000f8200000, 0x00000000f8620000, 0x00000000fac00000)
  eden space 3456K, 100% used [0x00000000f8200000, 0x00000000f8560000, 0x00000000f8560000)
  from space 384K,   0% used [0x00000000f8560000, 0x00000000f8560238, 0x00000000f85c0000)
  to   space 384K,   0% used [0x00000000f85c0000, 0x00000000f85c0000, 0x00000000f8620000)
 tenured generation   total 8268K, used 5060K [0x00000000fac00000, 0x00000000fb413000, 0x0000000100000000)
   the space 8268K,  61% used [0x00000000fac00000, 0x00000000fb0f1008, 0x00000000fb0f1200, 0x00000000fb413000)
 Metaspace       used 14147K, capacity 14468K, committed 14720K, reserved 1062912K
  class space    used 1475K, capacity 1588K, committed 1664K, reserved 1048576K

Card table byte_map: [0x00007f9d21692000,0x00007f9d216d2000] _byte_map_base: 0x00007f9d20ed1000

Polling page: 0x00007f9d232a4000

Metaspace:

Usage:
  Non-class:     12.58 MB capacity,    12.37 MB ( 98%) used,   185.67 KB (  1%) free+waste,    22.94 KB ( <1%) overhead. 
      Class:      1.55 MB capacity,     1.44 MB ( 93%) used,   101.77 KB (  6%) free+waste,    10.62 KB ( <1%) overhead. 
       Both:     14.13 MB capacity,    13.82 MB ( 98%) used,   287.44 KB (  2%) free+waste,    33.56 KB ( <1%) overhead. 

Virtual space:
  Non-class space:       14.00 MB reserved,      12.75 MB ( 91%) committed 
      Class space:        1.00 GB reserved,       1.62 MB ( <1%) committed 
             Both:        1.01 GB reserved,      14.38 MB (  1%) committed 

Chunk freelists:
   Non-Class:  148.00 KB
       Class:  12.00 KB
        Both:  160.00 KB

MaxMetaspaceSize: unlimited
CompressedClassSpaceSize: 1.00 GB

CodeHeap 'non-profiled nmethods': size=120036Kb used=1668Kb max_used=1668Kb free=118368Kb
 bounds [0x00007f9d0b757000, 0x00007f9d0b9c7000, 0x00007f9d12c90000]
CodeHeap 'profiled nmethods': size=120032Kb used=4973Kb max_used=4973Kb free=115059Kb
 bounds [0x00007f9d0421f000, 0x00007f9d046ff000, 0x00007f9d0b757000]
CodeHeap 'non-nmethods': size=5692Kb used=1212Kb max_used=1263Kb free=4479Kb
 bounds [0x00007f9d03c90000, 0x00007f9d03f00000, 0x00007f9d0421f000]
 total_blobs=4975 nmethods=2713 adapters=394
 compilation: enabled
              stopped_count=0, restarted_count=0
 full_count=0

Compilation events (20 events):
Event: 5162500.071 Thread 0x00007f9d1c09f000 3406       3       java.util.Optional::ofNullable (19 bytes)
Event: 5162500.081 Thread 0x00007f9d1c09f000 nmethod 3406 0x00007f9d0434d690 code [0x00007f9d0434d840, 0x00007f9d0434dab0]
Event: 5162500.084 Thread 0x00007f9d1c09f000 3407       3       sun.security.jca.GetInstance::getService (66 bytes)
Event: 5162500.180 Thread 0x00007f9d1c09f000 nmethod 3407 0x00007f9d046f7c90 code [0x00007f9d046f7f20, 0x00007f9d046f8b10]
Event: 5162500.181 Thread 0x00007f9d1c09f000 3408       3       javax.crypto.spec.IvParameterSpec::<init> (9 bytes)
Event: 5162500.212 Thread 0x00007f9d1c09f000 nmethod 3408 0x00007f9d046f8f10 code [0x00007f9d046f90a0, 0x00007f9d046f9200]
Event: 5162500.317 Thread 0x00007f9d1c09d000 3409 %     4       java.util.Arrays::fill @ 6 (23 bytes)
Event: 5162500.326 Thread 0x00007f9d1c09f000 3410       3       sun.security.ssl.Authenticator$TLS13Authenticator::acquireAuthenticationBytes (44 bytes)
Event: 5162500.327 Thread 0x00007f9d1c09f000 nmethod 3410 0x00007f9d046f9310 code [0x00007f9d046f94c0, 0x00007f9d046f9820]
Event: 5162500.481 Thread 0x00007f9d1c09d000 nmethod 3409% 0x00007f9d0b8f1e10 code [0x00007f9d0b8f1fa0, 0x00007f9d0b8f21b8]
Event: 5239312.431 Thread 0x00007f9d1c09f000 3411       3       java.lang.String::trim (35 bytes)
Event: 5239312.524 Thread 0x00007f9d1c09f000 nmethod 3411 0x00007f9d046f9a10 code [0x00007f9d046f9bc0, 0x00007f9d046f9eb0]
Event: 5239312.526 Thread 0x00007f9d1c09f000 3412       3       java.security.Provider$Service::supportsKeyFormat (66 bytes)
Event: 5239312.531 Thread 0x00007f9d1c09f000 nmethod 3412 0x00007f9d046f9f90 code [0x00007f9d046fa160, 0x00007f9d046fa570]
Event: 5239312.532 Thread 0x00007f9d1c09f000 3414       1       org.eclipse.jetty.http.HttpScheme::asString (5 bytes)
Event: 5239312.532 Thread 0x00007f9d1c09f000 nmethod 3414 0x00007f9d0b8f7d10 code [0x00007f9d0b8f7ea0, 0x00007f9d0b8f7f70]
Event: 5239312.532 Thread 0x00007f9d1c09f000 3413       3       java.util.StringTokenizer::<init> (52 bytes)
Event: 5239312.542 Thread 0x00007f9d1c09f000 nmethod 3413 0x00007f9d046fa710 code [0x00007f9d046fa8c0, 0x00007f9d046fabc0]
Event: 5239312.546 Thread 0x00007f9d1c09f000 3415       3       javax.crypto.Cipher::doFinal (19 bytes)
Event: 5239312.558 Thread 0x00007f9d1c09f000 nmethod 3415 0x00007f9d046fad90 code [0x00007f9d046faf40, 0x00007f9d046fb240]

GC Heap History (20 events):
Event: 5263148.386 GC heap before
{Heap before GC invocations=2147487463 (full 14):
 def new generation   total 3840K, used 3457K [0x00000000f8200000, 0x00000000f8620000, 0x00000000fac00000)
  eden space 3456K, 100% used [0x00000000f8200000, 0x00000000f8560000, 0x00000000f8560000)
  from space 384K,   0% used [0x00000000f8560000, 0x00000000f85605b0, 0x00000000f85c0000)
  to   space 384K,   0% used [0x00000000f85c0000, 0x00000000f85c0000, 0x00000000f8620000)
 tenured generation   total 8268K, used 5060K [0x00000000fac00000, 0x00000000fb413000, 0x0000000100000000)
   the space 8268K,  61% used [0x00000000fac00000, 0x00000000fb0f1008, 0x00000000fb0f1200, 0x00000000fb413000)
 Metaspace       used 14147K, capacity 14468K, committed 14720K, reserved 1062912K
  class space    used 1475K, capacity 1588K, committed 1664K, reserved 1048576K
}
Event: 5263148.386 GC heap after
{Heap after GC invocations=2147487464 (full 14):
 def new generation   total 3840K, used 1K [0x00000000f8200000, 0x00000000f8620000, 0x00000000fac00000)
  eden space 3456K,   0% used [0x00000000f8200000, 0x00000000f8200000, 0x00000000f8560000)
  from space 384K,   0% used [0x00000000f85c0000, 0x00000000f85c05b0, 0x00000000f8620000)
  to   space 384K,   0% used [0x00000000f8560000, 0x00000000f8560000, 0x00000000f85c0000)
 tenured generation   total 8268K, used 5060K [0x00000000fac00000, 0x00000000fb413000, 0x0000000100000000)
   the space 8268K,  61% used [0x00000000fac00000, 0x00000000fb0f1008, 0x00000000fb0f1200, 0x00000000fb413000)
 Metaspace       used 14147K, capacity 14468K, committed 14720K, reserved 1062912K
  class space    used 1475K, capacity 1588K, committed 1664K, reserved 1048576K
}
Event: 5263148.388 GC heap before
{Heap before GC invocations=2147487464 (full 14):
 def new generation   total 3840K, used 3457K [0x00000000f8200000, 0x00000000f8620000, 0x00000000fac00000)
  eden space 3456K, 100% used [0x00000000f8200000, 0x00000000f8560000, 0x00000000f8560000)
  from space 384K,   0% used [0x00000000f85c0000, 0x00000000f85c05b0, 0x00000000f8620000)
  to   space 384K,   0% used [0x00000000f8560000, 0x00000000f8560000, 0x00000000f85c0000)
 tenured generation   total 8268K, used 5060K [0x00000000fac00000, 0x00000000fb413000, 0x0000000100000000)
   the space 8268K,  61% used [0x00000000fac00000, 0x00000000fb0f1008, 0x00000000fb0f1200, 0x00000000fb413000)
 Metaspace       used 14147K, capacity 14468K, committed 14720K, reserved 1062912K
  class space    used 1475K, capacity 1588K, committed 1664K, reserved 1048576K
}
Event: 5263148.388 GC heap after
{Heap after GC invocations=2147487465 (full 14):
 def new generation   total 3840K, used 1K [0x00000000f8200000, 0x00000000f8620000, 0x00000000fac00000)
  eden space 3456K,   0% used [0x00000000f8200000, 0x00000000f8200000, 0x00000000f8560000)
  from space 384K,   0% used [0x00000000f8560000, 0x00000000f85605b0, 0x00000000f85c0000)
  to   space 384K,   0% used [0x00000000f85c0000, 0x00000000f85c0000, 0x00000000f8620000)
 tenured generation   total 8268K, used 5060K [0x00000000fac00000, 0x00000000fb413000, 0x0000000100000000)
   the space 8268K,  61% used [0x00000000fac00000, 0x00000000fb0f1008, 0x00000000fb0f1200, 0x00000000fb413000)
 Metaspace       used 14147K, capacity 14468K, committed 14720K, reserved 1062912K
  class space    used 1475K, capacity 1588K, committed 1664K, reserved 1048576K
}
Event: 5263148.391 GC heap before
{Heap before GC invocations=2147487465 (full 14):
 def new generation   total 3840K, used 3457K [0x00000000f8200000, 0x00000000f8620000, 0x00000000fac00000)
  eden space 3456K, 100% used [0x00000000f8200000, 0x00000000f8560000, 0x00000000f8560000)
  from space 384K,   0% used [0x00000000f8560000, 0x00000000f85605b0, 0x00000000f85c0000)
  to   space 384K,   0% used [0x00000000f85c0000, 0x00000000f85c0000, 0x00000000f8620000)
 tenured generation   total 8268K, used 5060K [0x00000000fac00000, 0x00000000fb413000, 0x0000000100000000)
   the space 8268K,  61% used [0x00000000fac00000, 0x00000000fb0f1008, 0x00000000fb0f1200, 0x00000000fb413000)
 Metaspace       used 14147K, capacity 14468K, committed 14720K, reserved 1062912K
  class space    used 1475K, capacity 1588K, committed 1664K, reserved 1048576K
}
Event: 5263148.391 GC heap after
{Heap after GC invocations=2147487466 (full 14):
 def new generation   total 3840K, used 1K [0x00000000f8200000, 0x00000000f8620000, 0x00000000fac00000)
  eden space 3456K,   0% used [0x00000000f8200000, 0x00000000f8200000, 0x00000000f8560000)
  from space 384K,   0% used [0x00000000f85c0000, 0x00000000f85c0440, 0x00000000f8620000)
  to   space 384K,   0% used [0x00000000f8560000, 0x00000000f8560000, 0x00000000f85c0000)
 tenured generation   total 8268K, used 5060K [0x00000000fac00000, 0x00000000fb413000, 0x0000000100000000)
   the space 8268K,  61% used [0x00000000fac00000, 0x00000000fb0f1008, 0x00000000fb0f1200, 0x00000000fb413000)
 Metaspace       used 14147K, capacity 14468K, committed 14720K, reserved 1062912K
  class space    used 1475K, capacity 1588K, committed 1664K, reserved 1048576K
}
Event: 5263148.393 GC heap before
{Heap before GC invocations=2147487466 (full 14):
 def new generation   total 3840K, used 3457K [0x00000000f8200000, 0x00000000f8620000, 0x00000000fac00000)
  eden space 3456K, 100% used [0x00000000f8200000, 0x00000000f8560000, 0x00000000f8560000)
  from space 384K,   0% used [0x00000000f85c0000, 0x00000000f85c0440, 0x00000000f8620000)
  to   space 384K,   0% used [0x00000000f8560000, 0x00000000f8560000, 0x00000000f85c0000)
 tenured generation   total 8268K, used 5060K [0x00000000fac00000, 0x00000000fb413000, 0x0000000100000000)
   the space 8268K,  61% used [0x00000000fac00000, 0x00000000fb0f1008, 0x00000000fb0f1200, 0x00000000fb413000)
 Metaspace       used 14147K, capacity 14468K, committed 14720K, reserved 1062912K
  class space    used 1475K, capacity 1588K, committed 1664K, reserved 1048576K
}
Event: 5263148.394 GC heap after
{Heap after GC invocations=2147487467 (full 14):
 def new generation   total 3840K, used 0K [0x00000000f8200000, 0x00000000f8620000, 0x00000000fac00000)
  eden space 3456K,   0% used [0x00000000f8200000, 0x00000000f8200000, 0x00000000f8560000)
  from space 384K,   0% used [0x00000000f8560000, 0x00000000f8560238, 0x00000000f85c0000)
  to   space 384K,   0% used [0x00000000f85c0000, 0x00000000f85c0000, 0x00000000f8620000)
 tenured generation   total 8268K, used 5060K [0x00000000fac00000, 0x00000000fb413000, 0x0000000100000000)
   the space 8268K,  61% used [0x00000000fac00000, 0x00000000fb0f1008, 0x00000000fb0f1200, 0x00000000fb413000)
 Metaspace       used 14147K, capacity 14468K, committed 14720K, reserved 1062912K
  class space    used 1475K, capacity 1588K, committed 1664K, reserved 1048576K
}
Event: 5263148.396 GC heap before
{Heap before GC invocations=2147487467 (full 14):
 def new generation   total 3840K, used 3456K [0x00000000f8200000, 0x00000000f8620000, 0x00000000fac00000)
  eden space 3456K, 100% used [0x00000000f8200000, 0x00000000f8560000, 0x00000000f8560000)
  from space 384K,   0% used [0x00000000f8560000, 0x00000000f8560238, 0x00000000f85c0000)
  to   space 384K,   0% used [0x00000000f85c0000, 0x00000000f85c0000, 0x00000000f8620000)
 tenured generation   total 8268K, used 5060K [0x00000000fac00000, 0x00000000fb413000, 0x0000000100000000)
   the space 8268K,  61% used [0x00000000fac00000, 0x00000000fb0f1008, 0x00000000fb0f1200, 0x00000000fb413000)
 Metaspace       used 14147K, capacity 14468K, committed 14720K, reserved 1062912K
  class space    used 1475K, capacity 1588K, committed 1664K, reserved 1048576K
}
Event: 5263148.396 GC heap after
{Heap after GC invocations=2147487468 (full 14):
 def new generation   total 3840K, used 0K [0x00000000f8200000, 0x00000000f8620000, 0x00000000fac00000)
  eden space 3456K,   0% used [0x00000000f8200000, 0x00000000f8200000, 0x00000000f8560000)
  from space 384K,   0% used [0x00000000f85c0000, 0x00000000f85c0078, 0x00000000f8620000)
  to   space 384K,   0% used [0x00000000f8560000, 0x00000000f8560000, 0x00000000f85c0000)
 tenured generation   total 8268K, used 5060K [0x00000000fac00000, 0x00000000fb413000, 0x0000000100000000)
   the space 8268K,  61% used [0x00000000fac00000, 0x00000000fb0f1008, 0x00000000fb0f1200, 0x00000000fb413000)
 Metaspace       used 14147K, capacity 14468K, committed 14720K, reserved 1062912K
  class space    used 1475K, capacity 1588K, committed 1664K, reserved 1048576K
}
Event: 5263148.399 GC heap before
{Heap before GC invocations=2147487468 (full 14):
 def new generation   total 3840K, used 3456K [0x00000000f8200000, 0x00000000f8620000, 0x00000000fac00000)
  eden space 3456K, 100% used [0x00000000f8200000, 0x00000000f8560000, 0x00000000f8560000)
  from space 384K,   0% used [0x00000000f85c0000, 0x00000000f85c0078, 0x00000000f8620000)
  to   space 384K,   0% used [0x00000000f8560000, 0x00000000f8560000, 0x00000000f85c0000)
 tenured generation   total 8268K, used 5060K [0x00000000fac00000, 0x00000000fb413000, 0x0000000100000000)
   the space 8268K,  61% used [0x00000000fac00000, 0x00000000fb0f1008, 0x00000000fb0f1200, 0x00000000fb413000)
 Metaspace       used 14147K, capacity 14468K, committed 14720K, reserved 1062912K
  class space    used 1475K, capacity 1588K, committed 1664K, reserved 1048576K
}
Event: 5263148.399 GC heap after
{Heap after GC invocations=2147487469 (full 14):
 def new generation   total 3840K, used 1K [0x00000000f8200000, 0x00000000f8620000, 0x00000000fac00000)
  eden space 3456K,   0% used [0x00000000f8200000, 0x00000000f8200000, 0x00000000f8560000)
  from space 384K,   0% used [0x00000000f8560000, 0x00000000f85605b0, 0x00000000f85c0000)
  to   space 384K,   0% used [0x00000000f85c0000, 0x00000000f85c0000, 0x00000000f8620000)
 tenured generation   total 8268K, used 5060K [0x00000000fac00000, 0x00000000fb413000, 0x0000000100000000)
   the space 8268K,  61% used [0x00000000fac00000, 0x00000000fb0f1008, 0x00000000fb0f1200, 0x00000000fb413000)
 Metaspace       used 14147K, capacity 14468K, committed 14720K, reserved 1062912K
  class space    used 1475K, capacity 1588K, committed 1664K, reserved 1048576K
}
Event: 5263148.401 GC heap before
{Heap before GC invocations=2147487469 (full 14):
 def new generation   total 3840K, used 3457K [0x00000000f8200000, 0x00000000f8620000, 0x00000000fac00000)
  eden space 3456K, 100% used [0x00000000f8200000, 0x00000000f8560000, 0x00000000f8560000)
  from space 384K,   0% used [0x00000000f8560000, 0x00000000f85605b0, 0x00000000f85c0000)
  to   space 384K,   0% used [0x00000000f85c0000, 0x00000000f85c0000, 0x00000000f8620000)
 tenured generation   total 8268K, used 5060K [0x00000000fac00000, 0x00000000fb413000, 0x0000000100000000)
   the space 8268K,  61% used [0x00000000fac00000, 0x00000000fb0f1008, 0x00000000fb0f1200, 0x00000000fb413000)
 Metaspace       used 14147K, capacity 14468K, committed 14720K, reserved 1062912K
  class space    used 1475K, capacity 1588K, committed 1664K, reserved 1048576K
}
Event: 5263148.401 GC heap after
{Heap after GC invocations=2147487470 (full 14):
 def new generation   total 3840K, used 1K [0x00000000f8200000, 0x00000000f8620000, 0x00000000fac00000)
  eden space 3456K,   0% used [0x00000000f8200000, 0x00000000f8200000, 0x00000000f8560000)
  from space 384K,   0% used [0x00000000f85c0000, 0x00000000f85c05b0, 0x00000000f8620000)
  to   space 384K,   0% used [0x00000000f8560000, 0x00000000f8560000, 0x00000000f85c0000)
 tenured generation   total 8268K, used 5060K [0x00000000fac00000, 0x00000000fb413000, 0x0000000100000000)
   the space 8268K,  61% used [0x00000000fac00000, 0x00000000fb0f1008, 0x00000000fb0f1200, 0x00000000fb413000)
 Metaspace       used 14147K, capacity 14468K, committed 14720K, reserved 1062912K
  class space    used 1475K, capacity 1588K, committed 1664K, reserved 1048576K
}
Event: 5263148.404 GC heap before
{Heap before GC invocations=2147487470 (full 14):
 def new generation   total 3840K, used 3457K [0x00000000f8200000, 0x00000000f8620000, 0x00000000fac00000)
  eden space 3456K, 100% used [0x00000000f8200000, 0x00000000f8560000, 0x00000000f8560000)
  from space 384K,   0% used [0x00000000f85c0000, 0x00000000f85c05b0, 0x00000000f8620000)
  to   space 384K,   0% used [0x00000000f8560000, 0x00000000f8560000, 0x00000000f85c0000)
 tenured generation   total 8268K, used 5060K [0x00000000fac00000, 0x00000000fb413000, 0x0000000100000000)
   the space 8268K,  61% used [0x00000000fac00000, 0x00000000fb0f1008, 0x00000000fb0f1200, 0x00000000fb413000)
 Metaspace       used 14147K, capacity 14468K, committed 14720K, reserved 1062912K
  class space    used 1475K, capacity 1588K, committed 1664K, reserved 1048576K
}
Event: 5263148.404 GC heap after
{Heap after GC invocations=2147487471 (full 14):
 def new generation   total 3840K, used 1K [0x00000000f8200000, 0x00000000f8620000, 0x00000000fac00000)
  eden space 3456K,   0% used [0x00000000f8200000, 0x00000000f8200000, 0x00000000f8560000)
  from space 384K,   0% used [0x00000000f8560000, 0x00000000f85605b0, 0x00000000f85c0000)
  to   space 384K,   0% used [0x00000000f85c0000, 0x00000000f85c0000, 0x00000000f8620000)
 tenured generation   total 8268K, used 5060K [0x00000000fac00000, 0x00000000fb413000, 0x0000000100000000)
   the space 8268K,  61% used [0x00000000fac00000, 0x00000000fb0f1008, 0x00000000fb0f1200, 0x00000000fb413000)
 Metaspace       used 14147K, capacity 14468K, committed 14720K, reserved 1062912K
  class space    used 1475K, capacity 1588K, committed 1664K, reserved 1048576K
}
Event: 5263148.406 GC heap before
{Heap before GC invocations=2147487471 (full 14):
 def new generation   total 3840K, used 3457K [0x00000000f8200000, 0x00000000f8620000, 0x00000000fac00000)
  eden space 3456K, 100% used [0x00000000f8200000, 0x00000000f8560000, 0x00000000f8560000)
  from space 384K,   0% used [0x00000000f8560000, 0x00000000f85605b0, 0x00000000f85c0000)
  to   space 384K,   0% used [0x00000000f85c0000, 0x00000000f85c0000, 0x00000000f8620000)
 tenured generation   total 8268K, used 5060K [0x00000000fac00000, 0x00000000fb413000, 0x0000000100000000)
   the space 8268K,  61% used [0x00000000fac00000, 0x00000000fb0f1008, 0x00000000fb0f1200, 0x00000000fb413000)
 Metaspace       used 14147K, capacity 14468K, committed 14720K, reserved 1062912K
  class space    used 1475K, capacity 1588K, committed 1664K, reserved 1048576K
}
Event: 5263148.406 GC heap after
{Heap after GC invocations=2147487472 (full 14):
 def new generation   total 3840K, used 1K [0x00000000f8200000, 0x00000000f8620000, 0x00000000fac00000)
  eden space 3456K,   0% used [0x00000000f8200000, 0x00000000f8200000, 0x00000000f8560000)
  from space 384K,   0% used [0x00000000f85c0000, 0x00000000f85c0440, 0x00000000f8620000)
  to   space 384K,   0% used [0x00000000f8560000, 0x00000000f8560000, 0x00000000f85c0000)
 tenured generation   total 8268K, used 5060K [0x00000000fac00000, 0x00000000fb413000, 0x0000000100000000)
   the space 8268K,  61% used [0x00000000fac00000, 0x00000000fb0f1008, 0x00000000fb0f1200, 0x00000000fb413000)
 Metaspace       used 14147K, capacity 14468K, committed 14720K, reserved 1062912K
  class space    used 1475K, capacity 1588K, committed 1664K, reserved 1048576K
}
Event: 5263148.409 GC heap before
{Heap before GC invocations=2147487472 (full 14):
 def new generation   total 3840K, used 3457K [0x00000000f8200000, 0x00000000f8620000, 0x00000000fac00000)
  eden space 3456K, 100% used [0x00000000f8200000, 0x00000000f8560000, 0x00000000f8560000)
  from space 384K,   0% used [0x00000000f85c0000, 0x00000000f85c0440, 0x00000000f8620000)
  to   space 384K,   0% used [0x00000000f8560000, 0x00000000f8560000, 0x00000000f85c0000)
 tenured generation   total 8268K, used 5060K [0x00000000fac00000, 0x00000000fb413000, 0x0000000100000000)
   the space 8268K,  61% used [0x00000000fac00000, 0x00000000fb0f1008, 0x00000000fb0f1200, 0x00000000fb413000)
 Metaspace       used 14147K, capacity 14468K, committed 14720K, reserved 1062912K
  class space    used 1475K, capacity 1588K, committed 1664K, reserved 1048576K
}
Event: 5263148.409 GC heap after
{Heap after GC invocations=2147487473 (full 14):
 def new generation   total 3840K, used 0K [0x00000000f8200000, 0x00000000f8620000, 0x00000000fac00000)
  eden space 3456K,   0% used [0x00000000f8200000, 0x00000000f8200000, 0x00000000f8560000)
  from space 384K,   0% used [0x00000000f8560000, 0x00000000f8560238, 0x00000000f85c0000)
  to   space 384K,   0% used [0x00000000f85c0000, 0x00000000f85c0000, 0x00000000f8620000)
 tenured generation   total 8268K, used 5060K [0x00000000fac00000, 0x00000000fb413000, 0x0000000100000000)
   the space 8268K,  61% used [0x00000000fac00000, 0x00000000fb0f1008, 0x00000000fb0f1200, 0x00000000fb413000)
 Metaspace       used 14147K, capacity 14468K, committed 14720K, reserved 1062912K
  class space    used 1475K, capacity 1588K, committed 1664K, reserved 1048576K
}

Deoptimization events (20 events):
Event: 4663930.137 Thread 0x00007f9d1c21a000 DEOPT PACKING pc=0x00007f9d043644b3 sp=0x00007f9d02f7fbb0
Event: 4663930.137 Thread 0x00007f9d1c21a000 DEOPT UNPACKING pc=0x00007f9d03cd933a sp=0x00007f9d02f7f0c8 mode 0
Event: 4663931.267 Thread 0x00007f9d1c218000 Uncommon trap: trap_request=0xffffffbe fr.pc=0x00007f9d0b8f2670 relative=0x0000000000000650
Event: 4663931.267 Thread 0x00007f9d1c218000 Uncommon trap: reason=profile_predicate action=maybe_recompile pc=0x00007f9d0b8f2670 method=com.sun.crypto.provider.HmacCore.engineInit(Ljava/security/Key;Ljava/security/spec/AlgorithmParameterSpec;)V @ 88 c2
Event: 4663931.267 Thread 0x00007f9d1c218000 DEOPT PACKING pc=0x00007f9d0b8f2670 sp=0x00007f9d03080730
Event: 4663931.269 Thread 0x00007f9d1c218000 DEOPT UNPACKING pc=0x00007f9d03cd8e25 sp=0x00007f9d030806d8 mode 2
Event: 4663953.257 Thread 0x00007f9d1c218000 Uncommon trap: trap_request=0xffffffbe fr.pc=0x00007f9d0b8f2670 relative=0x0000000000000650
Event: 4663953.257 Thread 0x00007f9d1c218000 Uncommon trap: reason=profile_predicate action=maybe_recompile pc=0x00007f9d0b8f2670 method=com.sun.crypto.provider.HmacCore.engineInit(Ljava/security/Key;Ljava/security/spec/AlgorithmParameterSpec;)V @ 88 c2
Event: 4663953.257 Thread 0x00007f9d1c218000 DEOPT PACKING pc=0x00007f9d0b8f2670 sp=0x00007f9d03080ba0
Event: 4663953.257 Thread 0x00007f9d1c218000 DEOPT UNPACKING pc=0x00007f9d03cd8e25 sp=0x00007f9d03080b48 mode 2
Event: 4663953.257 Thread 0x00007f9d1c218000 Uncommon trap: trap_request=0xffffffbe fr.pc=0x00007f9d0b8f2670 relative=0x0000000000000650
Event: 4663953.257 Thread 0x00007f9d1c218000 Uncommon trap: reason=profile_predicate action=maybe_recompile pc=0x00007f9d0b8f2670 method=com.sun.crypto.provider.HmacCore.engineInit(Ljava/security/Key;Ljava/security/spec/AlgorithmParameterSpec;)V @ 88 c2
Event: 4663953.257 Thread 0x00007f9d1c218000 DEOPT PACKING pc=0x00007f9d0b8f2670 sp=0x00007f9d03080af0
Event: 4663953.257 Thread 0x00007f9d1c218000 DEOPT UNPACKING pc=0x00007f9d03cd8e25 sp=0x00007f9d03080a98 mode 2
Event: 4663953.257 Thread 0x00007f9d1c218000 Uncommon trap: trap_request=0xffffffbe fr.pc=0x00007f9d0b8f2670 relative=0x0000000000000650
Event: 4663953.257 Thread 0x00007f9d1c218000 Uncommon trap: reason=profile_predicate action=maybe_recompile pc=0x00007f9d0b8f2670 method=com.sun.crypto.provider.HmacCore.engineInit(Ljava/security/Key;Ljava/security/spec/AlgorithmParameterSpec;)V @ 88 c2
Event: 4663953.257 Thread 0x00007f9d1c218000 DEOPT PACKING pc=0x00007f9d0b8f2670 sp=0x00007f9d03080c10
Event: 4663953.257 Thread 0x00007f9d1c218000 DEOPT UNPACKING pc=0x00007f9d03cd8e25 sp=0x00007f9d03080bb8 mode 2
Event: 5092727.543 Thread 0x00007f9d1c0e8800 DEOPT PACKING pc=0x00007f9d046a04c5 sp=0x00007f9d03788910
Event: 5092727.551 Thread 0x00007f9d1c0e8800 DEOPT UNPACKING pc=0x00007f9d03cd933a sp=0x00007f9d03787e20 mode 0

Classes unloaded (20 events):
Event: 2588386.733 Thread 0x00007f9d1c08d000 Unloading class 0x0000000800c4f040 'jdk/internal/reflect/GeneratedConstructorAccessor19'
Event: 2588386.736 Thread 0x00007f9d1c08d000 Unloading class 0x0000000800c4e440 'jdk/internal/reflect/GeneratedConstructorAccessor18'
Event: 2588386.736 Thread 0x00007f9d1c08d000 Unloading class 0x0000000800c49c40 'jdk/internal/reflect/GeneratedConstructorAccessor17'
Event: 2588386.736 Thread 0x00007f9d1c08d000 Unloading class 0x0000000800c4c840 'jdk/internal/reflect/GeneratedConstructorAccessor16'
Event: 3030348.616 Thread 0x00007f9d1c08d000 Unloading class 0x0000000800c4c840 'jdk/internal/reflect/GeneratedConstructorAccessor23'
Event: 3030348.619 Thread 0x00007f9d1c08d000 Unloading class 0x0000000800c49c40 'jdk/internal/reflect/GeneratedConstructorAccessor22'
Event: 3030348.619 Thread 0x00007f9d1c08d000 Unloading class 0x0000000800c4e440 'jdk/internal/reflect/GeneratedConstructorAccessor21'
Event: 3030348.620 Thread 0x00007f9d1c08d000 Unloading class 0x0000000800c4f040 'jdk/internal/reflect/GeneratedConstructorAccessor20'
Event: 3955796.557 Thread 0x00007f9d1c08d000 Unloading class 0x0000000800c4c840 'jdk/internal/reflect/GeneratedConstructorAccessor24'
Event: 4298181.194 Thread 0x00007f9d1c08d000 Unloading class 0x0000000800c4f040 'jdk/internal/reflect/GeneratedConstructorAccessor28'
Event: 4298181.195 Thread 0x00007f9d1c08d000 Unloading class 0x0000000800c4e440 'jdk/internal/reflect/GeneratedConstructorAccessor27'
Event: 4298181.195 Thread 0x00007f9d1c08d000 Unloading class 0x0000000800c49c40 'jdk/internal/reflect/GeneratedConstructorAccessor26'
Event: 4298181.196 Thread 0x00007f9d1c08d000 Unloading class 0x0000000800c4c840 'jdk/internal/reflect/GeneratedConstructorAccessor25'
Event: 4765454.919 Thread 0x00007f9d1c08d000 Unloading class 0x0000000800c4c840 'jdk/internal/reflect/GeneratedConstructorAccessor32'
Event: 4765454.923 Thread 0x00007f9d1c08d000 Unloading class 0x0000000800c49c40 'jdk/internal/reflect/GeneratedConstructorAccessor31'
Event: 4765454.923 Thread 0x00007f9d1c08d000 Unloading class 0x0000000800c4e440 'jdk/internal/reflect/GeneratedConstructorAccessor30'
Event: 4765454.924 Thread 0x00007f9d1c08d000 Unloading class 0x0000000800c4f040 'jdk/internal/reflect/GeneratedConstructorAccessor29'
Event: 5200963.074 Thread 0x00007f9d1c08d000 Unloading class 0x0000000800c4e440 'jdk/internal/reflect/GeneratedConstructorAccessor36'
Event: 5200963.077 Thread 0x00007f9d1c08d000 Unloading class 0x0000000800c49c40 'jdk/internal/reflect/GeneratedConstructorAccessor35'
Event: 5200963.077 Thread 0x00007f9d1c08d000 Unloading class 0x0000000800c4c840 'jdk/internal/reflect/GeneratedConstructorAccessor34'

Classes redefined (0 events):
No events

Internal exceptions (20 events):
Event: 1898330.448 Thread 0x00007f9d1c216800 Exception <a 'sun/net/ConnectionResetException'{0x00000000f84f3dd8}: Connection reset> (0x00000000f84f3dd8) 
thrown [src/hotspot/share/prims/jni.cpp, line 620]
Event: 2517924.609 Thread 0x00007f9d1c216800 Exception <a 'sun/net/ConnectionResetException'{0x00000000f8200088}: Connection reset> (0x00000000f8200088) 
thrown [src/hotspot/share/prims/jni.cpp, line 620]
Event: 2517925.106 Thread 0x00007f9d1c216800 Exception <a 'sun/net/ConnectionResetException'{0x00000000f82bd8a8}: Connection reset> (0x00000000f82bd8a8) 
thrown [src/hotspot/share/prims/jni.cpp, line 620]
Event: 2560848.424 Thread 0x00007f9d1c218000 Exception <a 'sun/net/ConnectionResetException'{0x00000000f85600e8}: Connection reset> (0x00000000f85600e8) 
thrown [src/hotspot/share/prims/jni.cpp, line 620]
Event: 2824841.166 Thread 0x00007f9d1c216800 Exception <a 'sun/net/ConnectionResetException'{0x00000000f84877e0}: Connection reset> (0x00000000f84877e0) 
thrown [src/hotspot/share/prims/jni.cpp, line 620]
Event: 2827672.695 Thread 0x00007f9d1c21b800 Exception <a 'sun/net/ConnectionResetException'{0x00000000f8200068}: Connection reset> (0x00000000f8200068) 
thrown [src/hotspot/share/prims/jni.cpp, line 620]
Event: 2827676.479 Thread 0x00007f9d1c21b800 Exception <a 'sun/net/ConnectionResetException'{0x00000000f83cf8b0}: Connection reset> (0x00000000f83cf8b0) 
thrown [src/hotspot/share/prims/jni.cpp, line 620]
Event: 2983668.786 Thread 0x00007f9d1c21a000 Exception <a 'sun/net/ConnectionResetException'{0x00000000f85c0218}: Connection reset> (0x00000000f85c0218) 
thrown [src/hotspot/share/prims/jni.cpp, line 620]
Event: 2983674.379 Thread 0x00007f9d1c218000 Exception <a 'java/io/IOException'{0x00000000f8200018}> (0x00000000f8200018) 
thrown [src/hotspot/share/prims/jni.cpp, line 599]
Event: 3666127.637 Thread 0x00007f9d1c21a000 Exception <a 'sun/net/ConnectionResetException'{0x00000000f8560178}: Connection reset> (0x00000000f8560178) 
thrown [src/hotspot/share/prims/jni.cpp, line 620]
Event: 3666131.321 Thread 0x00007f9d1c218000 Exception <a 'java/io/IOException'{0x00000000f85600e8}> (0x00000000f85600e8) 
thrown [src/hotspot/share/prims/jni.cpp, line 599]
Event: 4138213.128 Thread 0x00007f9d1c216800 Exception <a 'sun/net/ConnectionResetException'{0x00000000f85c00e0}: Connection reset> (0x00000000f85c00e0) 
thrown [src/hotspot/share/prims/jni.cpp, line 620]
Event: 4138216.706 Thread 0x00007f9d1c218000 Exception <a 'sun/net/ConnectionResetException'{0x00000000f8437450}: Connection reset> (0x00000000f8437450) 
thrown [src/hotspot/share/prims/jni.cpp, line 620]
Event: 4138885.721 Thread 0x00007f9d1c21a000 Exception <a 'sun/net/ConnectionResetException'{0x00000000f85c00c8}: Connection reset> (0x00000000f85c00c8) 
thrown [src/hotspot/share/prims/jni.cpp, line 620]
Event: 4138889.965 Thread 0x00007f9d1c21a000 Exception <a 'sun/net/ConnectionResetException'{0x00000000f8515258}: Connection reset> (0x00000000f8515258) 
thrown [src/hotspot/share/prims/jni.cpp, line 620]
Event: 4840020.674 Thread 0x00007f9d1c218000 Exception <a 'sun/net/ConnectionResetException'{0x00000000f8560098}: Connection reset> (0x00000000f8560098) 
thrown [src/hotspot/share/prims/jni.cpp, line 620]
Event: 5047012.484 Thread 0x00007f9d1c218000 Exception <a 'sun/net/ConnectionResetException'{0x00000000f85c0178}: Connection reset> (0x00000000f85c0178) 
thrown [src/hotspot/share/prims/jni.cpp, line 620]
Event: 5162493.892 Thread 0x00007f9d1c21b800 Exception <a 'sun/net/ConnectionResetException'{0x00000000f8560138}: Connection reset> (0x00000000f8560138) 
thrown [src/hotspot/share/prims/jni.cpp, line 620]
Event: 5162500.881 Thread 0x00007f9d1c21a000 Exception <a 'sun/net/ConnectionResetException'{0x00000000f8358640}: Connection reset> (0x00000000f8358640) 
thrown [src/hotspot/share/prims/jni.cpp, line 620]
Event: 5263148.419 Thread 0x00007f9d1c1ec000 Exception <a 'java/lang/OutOfMemoryError'{0x00000000fac03650}> (0x00000000fac03650) 
thrown [src/hotspot/share/gc/shared/memAllocator.cpp, line 136]

Events (20 events):
Event: 5263148.386 Executing VM operation: GenCollectForAllocation done
Event: 5263148.388 Executing VM operation: GenCollectForAllocation
Event: 5263148.388 Executing VM operation: GenCollectForAllocation done
Event: 5263148.391 Executing VM operation: GenCollectForAllocation
Event: 5263148.391 Executing VM operation: GenCollectForAllocation done
Event: 5263148.393 Executing VM operation: GenCollectForAllocation
Event: 5263148.394 Executing VM operation: GenCollectForAllocation done
Event: 5263148.396 Executing VM operation: GenCollectForAllocation
Event: 5263148.396 Executing VM operation: GenCollectForAllocation done
Event: 5263148.398 Executing VM operation: GenCollectForAllocation
Event: 5263148.399 Executing VM operation: GenCollectForAllocation done
Event: 5263148.401 Executing VM operation: GenCollectForAllocation
Event: 5263148.401 Executing VM operation: GenCollectForAllocation done
Event: 5263148.404 Executing VM operation: GenCollectForAllocation
Event: 5263148.404 Executing VM operation: GenCollectForAllocation done
Event: 5263148.406 Executing VM operation: GenCollectForAllocation
Event: 5263148.406 Executing VM operation: GenCollectForAllocation done
Event: 5263148.409 Executing VM operation: GenCollectForAllocation
Event: 5263148.409 Executing VM operation: GenCollectForAllocation done
Event: 5263148.411 Executing VM operation: GenCollectForAllocation


Dynamic libraries:
f8200000-f8620000 rw-p 00000000 00:00 0 
f8620000-fac00000 ---p 00000000 00:00 0 
fac00000-fb413000 rw-p 00000000 00:00 0 
fb413000-100000000 ---p 00000000 00:00 0 
800000000-800003000 rwxp 00001000 fd:01 165100                           /usr/lib/jvm/java-14-openjdk-amd64/lib/server/classes.jsa
800003000-8003e7000 rw-p 00004000 fd:01 165100                           /usr/lib/jvm/java-14-openjdk-amd64/lib/server/classes.jsa
8003e7000-800b17000 r--p 003e8000 fd:01 165100                           /usr/lib/jvm/java-14-openjdk-amd64/lib/server/classes.jsa
800b17000-800b18000 rw-p 00b18000 fd:01 165100                           /usr/lib/jvm/java-14-openjdk-amd64/lib/server/classes.jsa
800b18000-800cb8000 rw-p 00000000 00:00 0 
800cb8000-840b18000 ---p 00000000 00:00 0 
5599e1ebe000-5599e1ebf000 r--p 00000000 fd:01 38905                      /usr/lib/jvm/java-14-openjdk-amd64/bin/java
5599e1ebf000-5599e1ec0000 r-xp 00001000 fd:01 38905                      /usr/lib/jvm/java-14-openjdk-amd64/bin/java
5599e1ec0000-5599e1ec1000 r--p 00002000 fd:01 38905                      /usr/lib/jvm/java-14-openjdk-amd64/bin/java
5599e1ec1000-5599e1ec2000 r--p 00002000 fd:01 38905                      /usr/lib/jvm/java-14-openjdk-amd64/bin/java
5599e1ec2000-5599e1ec3000 rw-p 00003000 fd:01 38905                      /usr/lib/jvm/java-14-openjdk-amd64/bin/java
5599e3abf000-5599e3b03000 rw-p 00000000 00:00 0                          [heap]
7f9ce4000000-7f9ce5e5b000 rw-p 00000000 00:00 0 
7f9ce5e5b000-7f9ce8000000 ---p 00000000 00:00 0 
7f9ce8000000-7f9ce8423000 rw-p 00000000 00:00 0 
7f9ce8423000-7f9cec000000 ---p 00000000 00:00 0 
7f9cec000000-7f9cec04f000 rw-p 00000000 00:00 0 
7f9cec04f000-7f9cf0000000 ---p 00000000 00:00 0 
7f9cf0000000-7f9cf00a6000 rw-p 00000000 00:00 0 
7f9cf00a6000-7f9cf4000000 ---p 00000000 00:00 0 
7f9cf4000000-7f9cf4021000 rw-p 00000000 00:00 0 
7f9cf4021000-7f9cf8000000 ---p 00000000 00:00 0 
7f9cf8000000-7f9cf8021000 rw-p 00000000 00:00 0 
7f9cf8021000-7f9cfc000000 ---p 00000000 00:00 0 
7f9cfc000000-7f9cfc657000 rw-p 00000000 00:00 0 
7f9cfc657000-7f9d00000000 ---p 00000000 00:00 0 
7f9d02247000-7f9d02307000 rw-p 00000000 00:00 0 
7f9d02307000-7f9d02447000 ---p 00000000 00:00 0 
7f9d02447000-7f9d02524000 r-xp 00000000 fd:01 285644                     /tmp/sqlite-3.32.3.2-739b6917-8c1a-4ddc-bfc9-0fbf971546f3-libsqlitejdbc.so
7f9d02524000-7f9d02723000 ---p 000dd000 fd:01 285644                     /tmp/sqlite-3.32.3.2-739b6917-8c1a-4ddc-bfc9-0fbf971546f3-libsqlitejdbc.so
7f9d02723000-7f9d02729000 rw-p 000dc000 fd:01 285644                     /tmp/sqlite-3.32.3.2-739b6917-8c1a-4ddc-bfc9-0fbf971546f3-libsqlitejdbc.so
7f9d02729000-7f9d0272a000 rw-p 00000000 00:00 0 
7f9d0272a000-7f9d0272e000 ---p 00000000 00:00 0 
7f9d0272e000-7f9d0294c000 rw-p 00000000 00:00 0 
7f9d0294c000-7f9d02b4c000 rw-p 00000000 00:00 0 
7f9d02b4c000-7f9d02b50000 ---p 00000000 00:00 0 
7f9d02b50000-7f9d02c4d000 rw-p 00000000 00:00 0 
7f9d02c4d000-7f9d02c55000 r--p 00000000 fd:01 165094                     /usr/lib/jvm/java-14-openjdk-amd64/lib/libsunec.so
7f9d02c55000-7f9d02c6e000 r-xp 00008000 fd:01 165094                     /usr/lib/jvm/java-14-openjdk-amd64/lib/libsunec.so
7f9d02c6e000-7f9d02c78000 r--p 00021000 fd:01 165094                     /usr/lib/jvm/java-14-openjdk-amd64/lib/libsunec.so
7f9d02c78000-7f9d02c79000 ---p 0002b000 fd:01 165094                     /usr/lib/jvm/java-14-openjdk-amd64/lib/libsunec.so
7f9d02c79000-7f9d02c7d000 r--p 0002b000 fd:01 165094                     /usr/lib/jvm/java-14-openjdk-amd64/lib/libsunec.so
7f9d02c7d000-7f9d02c7f000 rw-p 0002f000 fd:01 165094                     /usr/lib/jvm/java-14-openjdk-amd64/lib/libsunec.so
7f9d02c7f000-7f9d02c83000 ---p 00000000 00:00 0 
7f9d02c83000-7f9d02d80000 rw-p 00000000 00:00 0 
7f9d02d80000-7f9d02d84000 ---p 00000000 00:00 0 
7f9d02d84000-7f9d02e81000 rw-p 00000000 00:00 0 
7f9d02e81000-7f9d02e85000 ---p 00000000 00:00 0 
7f9d02e85000-7f9d02f82000 rw-p 00000000 00:00 0 
7f9d02f82000-7f9d02f86000 ---p 00000000 00:00 0 
7f9d02f86000-7f9d03083000 rw-p 00000000 00:00 0 
7f9d03083000-7f9d03087000 ---p 00000000 00:00 0 
7f9d03087000-7f9d03184000 rw-p 00000000 00:00 0 
7f9d03184000-7f9d03188000 ---p 00000000 00:00 0 
7f9d03188000-7f9d03285000 rw-p 00000000 00:00 0 
7f9d03285000-7f9d03289000 ---p 00000000 00:00 0 
7f9d03289000-7f9d03386000 rw-p 00000000 00:00 0 
7f9d03386000-7f9d0338a000 ---p 00000000 00:00 0 
7f9d0338a000-7f9d03487000 rw-p 00000000 00:00 0 
7f9d03487000-7f9d0348b000 ---p 00000000 00:00 0 
7f9d0348b000-7f9d03588000 rw-p 00000000 00:00 0 
7f9d03588000-7f9d0358c000 ---p 00000000 00:00 0 
7f9d0358c000-7f9d03689000 rw-p 00000000 00:00 0 
7f9d03689000-7f9d0368d000 ---p 00000000 00:00 0 
7f9d0368d000-7f9d0378a000 rw-p 00000000 00:00 0 
7f9d0378a000-7f9d0378b000 ---p 00000000 00:00 0 
7f9d0378b000-7f9d0388c000 rw-p 00000000 00:00 0 
7f9d0388c000-7f9d03890000 ---p 00000000 00:00 0 
7f9d03890000-7f9d0398d000 rw-p 00000000 00:00 0 
7f9d0398d000-7f9d03991000 ---p 00000000 00:00 0 
7f9d03991000-7f9d03a8e000 rw-p 00000000 00:00 0 
7f9d03a8e000-7f9d03a92000 ---p 00000000 00:00 0 
7f9d03a92000-7f9d03b8f000 rw-p 00000000 00:00 0 
7f9d03b8f000-7f9d03b93000 ---p 00000000 00:00 0 
7f9d03b93000-7f9d03c90000 rw-p 00000000 00:00 0 
7f9d03c90000-7f9d03f00000 rwxp 00000000 00:00 0 
7f9d03f00000-7f9d0421f000 ---p 00000000 00:00 0 
7f9d0421f000-7f9d046ff000 rwxp 00000000 00:00 0 
7f9d046ff000-7f9d0b757000 ---p 00000000 00:00 0 
7f9d0b757000-7f9d0b9c7000 rwxp 00000000 00:00 0 
7f9d0b9c7000-7f9d12c90000 ---p 00000000 00:00 0 
7f9d12c90000-7f9d1c000000 r--s 00000000 fd:01 165097                     /usr/lib/jvm/java-14-openjdk-amd64/lib/modules
7f9d1c000000-7f9d1c346000 rw-p 00000000 00:00 0 
7f9d1c346000-7f9d20000000 ---p 00000000 00:00 0 
7f9d20003000-7f9d20004000 r--p 00000000 fd:01 165068                     /usr/lib/jvm/java-14-openjdk-amd64/lib/libextnet.so
7f9d20004000-7f9d20005000 r-xp 00001000 fd:01 165068                     /usr/lib/jvm/java-14-openjdk-amd64/lib/libextnet.so
7f9d20005000-7f9d20006000 r--p 00002000 fd:01 165068                     /usr/lib/jvm/java-14-openjdk-amd64/lib/libextnet.so
7f9d20006000-7f9d20007000 r--p 00002000 fd:01 165068                     /usr/lib/jvm/java-14-openjdk-amd64/lib/libextnet.so
7f9d20007000-7f9d20008000 rw-p 00003000 fd:01 165068                     /usr/lib/jvm/java-14-openjdk-amd64/lib/libextnet.so
7f9d20008000-7f9d2000a000 r--p 00000000 fd:01 165086                     /usr/lib/jvm/java-14-openjdk-amd64/lib/libmanagement_ext.so
7f9d2000a000-7f9d2000d000 r-xp 00002000 fd:01 165086                     /usr/lib/jvm/java-14-openjdk-amd64/lib/libmanagement_ext.so
7f9d2000d000-7f9d2000e000 r--p 00005000 fd:01 165086                     /usr/lib/jvm/java-14-openjdk-amd64/lib/libmanagement_ext.so
7f9d2000e000-7f9d2000f000 ---p 00006000 fd:01 165086                     /usr/lib/jvm/java-14-openjdk-amd64/lib/libmanagement_ext.so
7f9d2000f000-7f9d20010000 r--p 00006000 fd:01 165086                     /usr/lib/jvm/java-14-openjdk-amd64/lib/libmanagement_ext.so
7f9d20010000-7f9d20011000 rw-p 00007000 fd:01 165086                     /usr/lib/jvm/java-14-openjdk-amd64/lib/libmanagement_ext.so
7f9d20011000-7f9d20014000 r--p 00000000 fd:01 165084                     /usr/lib/jvm/java-14-openjdk-amd64/lib/libmanagement.so
7f9d20014000-7f9d20015000 r-xp 00003000 fd:01 165084                     /usr/lib/jvm/java-14-openjdk-amd64/lib/libmanagement.so
7f9d20015000-7f9d20016000 r--p 00004000 fd:01 165084                     /usr/lib/jvm/java-14-openjdk-amd64/lib/libmanagement.so
7f9d20016000-7f9d20017000 r--p 00004000 fd:01 165084                     /usr/lib/jvm/java-14-openjdk-amd64/lib/libmanagement.so
7f9d20017000-7f9d20018000 rw-p 00005000 fd:01 165084                     /usr/lib/jvm/java-14-openjdk-amd64/lib/libmanagement.so
7f9d20018000-7f9d2001c000 r--p 00000000 fd:01 165088                     /usr/lib/jvm/java-14-openjdk-amd64/lib/libnet.so
7f9d2001c000-7f9d2002a000 r-xp 00004000 fd:01 165088                     /usr/lib/jvm/java-14-openjdk-amd64/lib/libnet.so
7f9d2002a000-7f9d2002e000 r--p 00012000 fd:01 165088                     /usr/lib/jvm/java-14-openjdk-amd64/lib/libnet.so
7f9d2002e000-7f9d2002f000 r--p 00015000 fd:01 165088                     /usr/lib/jvm/java-14-openjdk-amd64/lib/libnet.so
7f9d2002f000-7f9d20030000 rw-p 00016000 fd:01 165088                     /usr/lib/jvm/java-14-openjdk-amd64/lib/libnet.so
7f9d20030000-7f9d20037000 r--p 00000000 fd:01 165089                     /usr/lib/jvm/java-14-openjdk-amd64/lib/libnio.so
7f9d20037000-7f9d20040000 r-xp 00007000 fd:01 165089                     /usr/lib/jvm/java-14-openjdk-amd64/lib/libnio.so
7f9d20040000-7f9d20044000 r--p 00010000 fd:01 165089                     /usr/lib/jvm/java-14-openjdk-amd64/lib/libnio.so
7f9d20044000-7f9d20045000 r--p 00013000 fd:01 165089                     /usr/lib/jvm/java-14-openjdk-amd64/lib/libnio.so
7f9d20045000-7f9d20046000 rw-p 00014000 fd:01 165089                     /usr/lib/jvm/java-14-openjdk-amd64/lib/libnio.so
7f9d20046000-7f9d2004a000 ---p 00000000 00:00 0 
7f9d2004a000-7f9d20147000 rw-p 00000000 00:00 0 
7f9d20147000-7f9d2014b000 ---p 00000000 00:00 0 
7f9d2014b000-7f9d20248000 rw-p 00000000 00:00 0 
7f9d20248000-7f9d20a46000 r--p 00000000 fd:01 47                         /usr/lib/locale/locale-archive
7f9d20a46000-7f9d20a4a000 ---p 00000000 00:00 0 
7f9d20a4a000-7f9d20b47000 rw-p 00000000 00:00 0 
7f9d20b47000-7f9d20b4b000 ---p 00000000 00:00 0 
7f9d20b4b000-7f9d20c48000 rw-p 00000000 00:00 0 
7f9d20c48000-7f9d20c49000 ---p 00000000 00:00 0 
7f9d20c49000-7f9d21667000 rw-p 00000000 00:00 0 
7f9d21667000-7f9d2166c000 rw-p 00000000 00:00 0 
7f9d2166c000-7f9d21692000 ---p 00000000 00:00 0 
7f9d21692000-7f9d21695000 rw-p 00000000 00:00 0 
7f9d21695000-7f9d216a7000 ---p 00000000 00:00 0 
7f9d216a7000-7f9d216ac000 rw-p 00000000 00:00 0 
7f9d216ac000-7f9d216d1000 ---p 00000000 00:00 0 
7f9d216d1000-7f9d216d7000 rw-p 00000000 00:00 0 
7f9d216d7000-7f9d217bd000 ---p 00000000 00:00 0 
7f9d217bd000-7f9d217c7000 rw-p 00000000 00:00 0 
7f9d217c7000-7f9d218a8000 ---p 00000000 00:00 0 
7f9d218a8000-7f9d218ad000 rw-p 00000000 00:00 0 
7f9d218ad000-7f9d218b4000 ---p 00000000 00:00 0 
7f9d218b4000-7f9d218b6000 r--p 00000000 fd:01 165096                     /usr/lib/jvm/java-14-openjdk-amd64/lib/libzip.so
7f9d218b6000-7f9d218ba000 r-xp 00002000 fd:01 165096                     /usr/lib/jvm/java-14-openjdk-amd64/lib/libzip.so
7f9d218ba000-7f9d218bc000 r--p 00006000 fd:01 165096                     /usr/lib/jvm/java-14-openjdk-amd64/lib/libzip.so
7f9d218bc000-7f9d218bd000 r--p 00007000 fd:01 165096                     /usr/lib/jvm/java-14-openjdk-amd64/lib/libzip.so
7f9d218bd000-7f9d218be000 rw-p 00008000 fd:01 165096                     /usr/lib/jvm/java-14-openjdk-amd64/lib/libzip.so
7f9d218be000-7f9d218cb000 r--p 00000000 fd:01 165075                     /usr/lib/jvm/java-14-openjdk-amd64/lib/libjava.so
7f9d218cb000-7f9d218de000 r-xp 0000d000 fd:01 165075                     /usr/lib/jvm/java-14-openjdk-amd64/lib/libjava.so
7f9d218de000-7f9d218e4000 r--p 00020000 fd:01 165075                     /usr/lib/jvm/java-14-openjdk-amd64/lib/libjava.so
7f9d218e4000-7f9d218e5000 r--p 00025000 fd:01 165075                     /usr/lib/jvm/java-14-openjdk-amd64/lib/libjava.so
7f9d218e5000-7f9d218e7000 rw-p 00026000 fd:01 165075                     /usr/lib/jvm/java-14-openjdk-amd64/lib/libjava.so
7f9d218e7000-7f9d218ea000 r--p 00000000 fd:01 39834                      /usr/lib/x86_64-linux-gnu/libnss_files-2.31.so
7f9d218ea000-7f9d218f1000 r-xp 00003000 fd:01 39834                      /usr/lib/x86_64-linux-gnu/libnss_files-2.31.so
7f9d218f1000-7f9d218f3000 r--p 0000a000 fd:01 39834                      /usr/lib/x86_64-linux-gnu/libnss_files-2.31.so
7f9d218f3000-7f9d218f4000 r--p 0000b000 fd:01 39834                      /usr/lib/x86_64-linux-gnu/libnss_files-2.31.so
7f9d218f4000-7f9d218f5000 rw-p 0000c000 fd:01 39834                      /usr/lib/x86_64-linux-gnu/libnss_files-2.31.so
7f9d218f5000-7f9d218fb000 rw-p 00000000 00:00 0 
7f9d218fb000-7f9d21903000 rw-s 00000000 fd:01 283999                     /tmp/hsperfdata_root/3430581
7f9d21903000-7f9d21905000 r--p 00000000 fd:01 165079                     /usr/lib/jvm/java-14-openjdk-amd64/lib/libjimage.so
7f9d21905000-7f9d21908000 r-xp 00002000 fd:01 165079                     /usr/lib/jvm/java-14-openjdk-amd64/lib/libjimage.so
7f9d21908000-7f9d21909000 r--p 00005000 fd:01 165079                     /usr/lib/jvm/java-14-openjdk-amd64/lib/libjimage.so
7f9d21909000-7f9d2190a000 ---p 00006000 fd:01 165079                     /usr/lib/jvm/java-14-openjdk-amd64/lib/libjimage.so
7f9d2190a000-7f9d2190b000 r--p 00006000 fd:01 165079                     /usr/lib/jvm/java-14-openjdk-amd64/lib/libjimage.so
7f9d2190b000-7f9d2190c000 rw-p 00007000 fd:01 165079                     /usr/lib/jvm/java-14-openjdk-amd64/lib/libjimage.so
7f9d2190c000-7f9d21910000 ---p 00000000 00:00 0 
7f9d21910000-7f9d21a0d000 rw-p 00000000 00:00 0 
7f9d21a0d000-7f9d21a10000 r--p 00000000 fd:01 896                        /usr/lib/x86_64-linux-gnu/libgcc_s.so.1
7f9d21a10000-7f9d21a22000 r-xp 00003000 fd:01 896                        /usr/lib/x86_64-linux-gnu/libgcc_s.so.1
7f9d21a22000-7f9d21a26000 r--p 00015000 fd:01 896                        /usr/lib/x86_64-linux-gnu/libgcc_s.so.1
7f9d21a26000-7f9d21a27000 r--p 00018000 fd:01 896                        /usr/lib/x86_64-linux-gnu/libgcc_s.so.1
7f9d21a27000-7f9d21a28000 rw-p 00019000 fd:01 896                        /usr/lib/x86_64-linux-gnu/libgcc_s.so.1
7f9d21a28000-7f9d21a37000 r--p 00000000 fd:01 39828                      /usr/lib/x86_64-linux-gnu/libm-2.31.so
7f9d21a37000-7f9d21ade000 r-xp 0000f000 fd:01 39828                      /usr/lib/x86_64-linux-gnu/libm-2.31.so
7f9d21ade000-7f9d21b75000 r--p 000b6000 fd:01 39828                      /usr/lib/x86_64-linux-gnu/libm-2.31.so
7f9d21b75000-7f9d21b76000 r--p 0014c000 fd:01 39828                      /usr/lib/x86_64-linux-gnu/libm-2.31.so
7f9d21b76000-7f9d21b77000 rw-p 0014d000 fd:01 39828                      /usr/lib/x86_64-linux-gnu/libm-2.31.so
7f9d21b77000-7f9d21c0d000 r--p 00000000 fd:01 727                        /usr/lib/x86_64-linux-gnu/libstdc++.so.6.0.28
7f9d21c0d000-7f9d21cfd000 r-xp 00096000 fd:01 727                        /usr/lib/x86_64-linux-gnu/libstdc++.so.6.0.28
7f9d21cfd000-7f9d21d46000 r--p 00186000 fd:01 727                        /usr/lib/x86_64-linux-gnu/libstdc++.so.6.0.28
7f9d21d46000-7f9d21d47000 ---p 001cf000 fd:01 727                        /usr/lib/x86_64-linux-gnu/libstdc++.so.6.0.28
7f9d21d47000-7f9d21d52000 r--p 001cf000 fd:01 727                        /usr/lib/x86_64-linux-gnu/libstdc++.so.6.0.28
7f9d21d52000-7f9d21d55000 rw-p 001da000 fd:01 727                        /usr/lib/x86_64-linux-gnu/libstdc++.so.6.0.28
7f9d21d55000-7f9d21d58000 rw-p 00000000 00:00 0 
7f9d21d58000-7f9d21f86000 r--p 00000000 fd:01 165102                     /usr/lib/jvm/java-14-openjdk-amd64/lib/server/libjvm.so
7f9d21f86000-7f9d22ca1000 r-xp 0022e000 fd:01 165102                     /usr/lib/jvm/java-14-openjdk-amd64/lib/server/libjvm.so
7f9d22ca1000-7f9d22f02000 r--p 00f49000 fd:01 165102                     /usr/lib/jvm/java-14-openjdk-amd64/lib/server/libjvm.so
7f9d22f02000-7f9d22f03000 ---p 011aa000 fd:01 165102                     /usr/lib/jvm/java-14-openjdk-amd64/lib/server/libjvm.so
7f9d22f03000-7f9d22faa000 r--p 011aa000 fd:01 165102                     /usr/lib/jvm/java-14-openjdk-amd64/lib/server/libjvm.so
7f9d22faa000-7f9d22fe4000 rw-p 01251000 fd:01 165102                     /usr/lib/jvm/java-14-openjdk-amd64/lib/server/libjvm.so
7f9d22fe4000-7f9d23067000 rw-p 00000000 00:00 0 
7f9d23067000-7f9d2306e000 r--p 00000000 fd:01 39839                      /usr/lib/x86_64-linux-gnu/libpthread-2.31.so
7f9d2306e000-7f9d2307f000 r-xp 00007000 fd:01 39839                      /usr/lib/x86_64-linux-gnu/libpthread-2.31.so
7f9d2307f000-7f9d23084000 r--p 00018000 fd:01 39839                      /usr/lib/x86_64-linux-gnu/libpthread-2.31.so
7f9d23084000-7f9d23085000 r--p 0001c000 fd:01 39839                      /usr/lib/x86_64-linux-gnu/libpthread-2.31.so
7f9d23085000-7f9d23086000 rw-p 0001d000 fd:01 39839                      /usr/lib/x86_64-linux-gnu/libpthread-2.31.so
7f9d23086000-7f9d2308a000 rw-p 00000000 00:00 0 
7f9d2308a000-7f9d2308b000 r--p 00000000 fd:01 39827                      /usr/lib/x86_64-linux-gnu/libdl-2.31.so
7f9d2308b000-7f9d2308d000 r-xp 00001000 fd:01 39827                      /usr/lib/x86_64-linux-gnu/libdl-2.31.so
7f9d2308d000-7f9d2308e000 r--p 00003000 fd:01 39827                      /usr/lib/x86_64-linux-gnu/libdl-2.31.so
7f9d2308e000-7f9d2308f000 r--p 00003000 fd:01 39827                      /usr/lib/x86_64-linux-gnu/libdl-2.31.so
7f9d2308f000-7f9d23090000 rw-p 00004000 fd:01 39827                      /usr/lib/x86_64-linux-gnu/libdl-2.31.so
7f9d23090000-7f9d23092000 r--p 00000000 fd:01 4343                       /usr/lib/x86_64-linux-gnu/libz.so.1.2.11
7f9d23092000-7f9d230a3000 r-xp 00002000 fd:01 4343                       /usr/lib/x86_64-linux-gnu/libz.so.1.2.11
7f9d230a3000-7f9d230a9000 r--p 00013000 fd:01 4343                       /usr/lib/x86_64-linux-gnu/libz.so.1.2.11
7f9d230a9000-7f9d230aa000 ---p 00019000 fd:01 4343                       /usr/lib/x86_64-linux-gnu/libz.so.1.2.11
7f9d230aa000-7f9d230ab000 r--p 00019000 fd:01 4343                       /usr/lib/x86_64-linux-gnu/libz.so.1.2.11
7f9d230ab000-7f9d230ac000 rw-p 0001a000 fd:01 4343                       /usr/lib/x86_64-linux-gnu/libz.so.1.2.11
7f9d230ac000-7f9d230d1000 r--p 00000000 fd:01 7109                       /usr/lib/x86_64-linux-gnu/libc-2.31.so
7f9d230d1000-7f9d23249000 r-xp 00025000 fd:01 7109                       /usr/lib/x86_64-linux-gnu/libc-2.31.so
7f9d23249000-7f9d23293000 r--p 0019d000 fd:01 7109                       /usr/lib/x86_64-linux-gnu/libc-2.31.so
7f9d23293000-7f9d23294000 ---p 001e7000 fd:01 7109                       /usr/lib/x86_64-linux-gnu/libc-2.31.so
7f9d23294000-7f9d23297000 r--p 001e7000 fd:01 7109                       /usr/lib/x86_64-linux-gnu/libc-2.31.so
7f9d23297000-7f9d2329a000 rw-p 001ea000 fd:01 7109                       /usr/lib/x86_64-linux-gnu/libc-2.31.so
7f9d2329a000-7f9d2329e000 rw-p 00000000 00:00 0 
7f9d232a2000-7f9d232a4000 r--s 0000c000 fd:01 165165                     /usr/share/java/java-atk-wrapper.jar
7f9d232a4000-7f9d232a5000 ---p 00000000 00:00 0 
7f9d232a5000-7f9d232a6000 r--p 00000000 00:00 0 
7f9d232a6000-7f9d232a9000 r--p 00000000 fd:01 165080                     /usr/lib/jvm/java-14-openjdk-amd64/lib/libjli.so
7f9d232a9000-7f9d232b3000 r-xp 00003000 fd:01 165080                     /usr/lib/jvm/java-14-openjdk-amd64/lib/libjli.so
7f9d232b3000-7f9d232b6000 r--p 0000d000 fd:01 165080                     /usr/lib/jvm/java-14-openjdk-amd64/lib/libjli.so
7f9d232b6000-7f9d232b7000 r--p 0000f000 fd:01 165080                     /usr/lib/jvm/java-14-openjdk-amd64/lib/libjli.so
7f9d232b7000-7f9d232b8000 rw-p 00010000 fd:01 165080                     /usr/lib/jvm/java-14-openjdk-amd64/lib/libjli.so
7f9d232b8000-7f9d232ba000 rw-p 00000000 00:00 0 
7f9d232ba000-7f9d232bb000 r--p 00000000 fd:01 7101                       /usr/lib/x86_64-linux-gnu/ld-2.31.so
7f9d232bb000-7f9d232de000 r-xp 00001000 fd:01 7101                       /usr/lib/x86_64-linux-gnu/ld-2.31.so
7f9d232de000-7f9d232e6000 r--p 00024000 fd:01 7101                       /usr/lib/x86_64-linux-gnu/ld-2.31.so
7f9d232e6000-7f9d232e7000 ---p 00000000 00:00 0 
7f9d232e7000-7f9d232e8000 r--p 0002c000 fd:01 7101                       /usr/lib/x86_64-linux-gnu/ld-2.31.so
7f9d232e8000-7f9d232e9000 rw-p 0002d000 fd:01 7101                       /usr/lib/x86_64-linux-gnu/ld-2.31.so
7f9d232e9000-7f9d232ea000 rw-p 00000000 00:00 0 
7fff3fe99000-7fff3feba000 rw-p 00000000 00:00 0                          [stack]
7fff3ff43000-7fff3ff46000 r--p 00000000 00:00 0                          [vvar]
7fff3ff46000-7fff3ff47000 r-xp 00000000 00:00 0                          [vdso]
ffffffffff600000-ffffffffff601000 --xp 00000000 00:00 0                  [vsyscall]


VM Arguments:
java_command: jetty-websocket-1.0-SNAPSHOT-jar-with-dependencies.jar
java_class_path (initial): jetty-websocket-1.0-SNAPSHOT-jar-with-dependencies.jar
Launcher Type: SUN_STANDARD

[Global flags]
     intx CICompilerCount                          = 2                                         {product} {ergonomic}
   size_t InitialHeapSize                          = 8388608                                   {product} {ergonomic}
   size_t MaxHeapSize                              = 132120576                                 {product} {ergonomic}
   size_t MaxNewSize                               = 44040192                                  {product} {ergonomic}
   size_t MinHeapDeltaBytes                        = 196608                                    {product} {ergonomic}
   size_t MinHeapSize                              = 8388608                                   {product} {ergonomic}
   size_t NewSize                                  = 2752512                                   {product} {ergonomic}
    uintx NonNMethodCodeHeapSize                   = 5826188                                {pd product} {ergonomic}
    uintx NonProfiledCodeHeapSize                  = 122916026                              {pd product} {ergonomic}
   size_t OldSize                                  = 5636096                                   {product} {ergonomic}
    uintx ProfiledCodeHeapSize                     = 122916026                              {pd product} {ergonomic}
    uintx ReservedCodeCacheSize                    = 251658240                              {pd product} {ergonomic}
     bool SegmentedCodeCache                       = true                                      {product} {ergonomic}
   size_t SoftMaxHeapSize                          = 132120576                              {manageable} {ergonomic}
     bool UseCompressedClassPointers               = true                                 {lp64_product} {ergonomic}
     bool UseCompressedOops                        = true                                 {lp64_product} {ergonomic}
     bool UseSerialGC                              = true                                      {product} {ergonomic}

Logging:
Log output configuration:
 #0: stdout all=warning uptime,level,tags
 #1: stderr all=off uptime,level,tags

Environment Variables:
PATH=/usr/local/sbin:/usr/local/bin:/usr/sbin:/usr/bin:/sbin:/bin:/usr/games:/usr/local/games:/snap/bin
SHELL=/bin/bash

Signal Handlers:
SIGSEGV: [libjvm.so+0xed87d0], sa_mask[0]=11111111011111111101111111111110, sa_flags=SA_RESTART|SA_SIGINFO
SIGBUS: [libjvm.so+0xed87d0], sa_mask[0]=11111111011111111101111111111110, sa_flags=SA_RESTART|SA_SIGINFO
SIGFPE: [libjvm.so+0xed87d0], sa_mask[0]=11111111011111111101111111111110, sa_flags=SA_RESTART|SA_SIGINFO
SIGPIPE: [libjvm.so+0xb87af0], sa_mask[0]=11111111011111111101111111111110, sa_flags=SA_RESTART|SA_SIGINFO
SIGXFSZ: [libjvm.so+0xb87af0], sa_mask[0]=11111111011111111101111111111110, sa_flags=SA_RESTART|SA_SIGINFO
SIGILL: [libjvm.so+0xed87d0], sa_mask[0]=11111111011111111101111111111110, sa_flags=SA_RESTART|SA_SIGINFO
SIGUSR2: [libjvm.so+0xb87990], sa_mask[0]=00000000000000000000000000000000, sa_flags=SA_RESTART|SA_SIGINFO
SIGHUP: [libjvm.so+0xb880d0], sa_mask[0]=11111111011111111101111111111110, sa_flags=SA_RESTART|SA_SIGINFO
SIGINT: [libjvm.so+0xb880d0], sa_mask[0]=11111111011111111101111111111110, sa_flags=SA_RESTART|SA_SIGINFO
SIGTERM: [libjvm.so+0xb880d0], sa_mask[0]=11111111011111111101111111111110, sa_flags=SA_RESTART|SA_SIGINFO
SIGQUIT: [libjvm.so+0xb880d0], sa_mask[0]=11111111011111111101111111111110, sa_flags=SA_RESTART|SA_SIGINFO


---------------  S Y S T E M  ---------------

OS:DISTRIB_ID=Ubuntu
DISTRIB_RELEASE=20.04
DISTRIB_CODENAME=focal
DISTRIB_DESCRIPTION="Ubuntu 20.04.1 LTS"
uname:Linux 5.4.0-45-generic #49-Ubuntu SMP Wed Aug 26 13:38:52 UTC 2020 x86_64
OS uptime: 235 days 11:42 hours
libc:glibc 2.31 NPTL 2.31 
rlimit: STACK 8192k, CORE 0k, NPROC 1569, NOFILE 1048576, AS infinity, DATA infinity, FSIZE infinity
load average:1.00 1.00 1.00

/proc/meminfo:
MemTotal:         460900 kB
MemFree:           10792 kB
MemAvailable:     165108 kB
Buffers:           32828 kB
Cached:            88060 kB
SwapCached:        28408 kB
Active:           116764 kB
Inactive:         104076 kB
Active(anon):      48624 kB
Inactive(anon):    51544 kB
Active(file):      68140 kB
Inactive(file):    52532 kB
Unevictable:           0 kB
Mlocked:               0 kB
SwapTotal:       1998844 kB
SwapFree:        1802708 kB
Dirty:                96 kB
Writeback:             0 kB
AnonPages:         98844 kB
Mapped:            53552 kB
Shmem:               224 kB
KReclaimable:      45244 kB
Slab:             116540 kB
SReclaimable:      45244 kB
SUnreclaim:        71296 kB
KernelStack:        7328 kB
PageTables:         4800 kB
NFS_Unstable:          0 kB
Bounce:                0 kB
WritebackTmp:          0 kB
CommitLimit:     2229292 kB
Committed_AS:    1052296 kB
VmallocTotal:   34359738367 kB
VmallocUsed:       17812 kB
VmallocChunk:          0 kB
Percpu:            82944 kB
HardwareCorrupted:     0 kB
AnonHugePages:         0 kB
ShmemHugePages:        0 kB
ShmemPmdMapped:        0 kB
FileHugePages:         0 kB
FilePmdMapped:         0 kB
CmaTotal:              0 kB
CmaFree:               0 kB
HugePages_Total:       0
HugePages_Free:        0
HugePages_Rsvd:        0
HugePages_Surp:        0
Hugepagesize:       2048 kB
Hugetlb:               0 kB
DirectMap4k:      472960 kB
DirectMap2M:       51200 kB
DirectMap1G:           0 kB


/proc/sys/kernel/threads-max (system-wide limit on the number of threads):
3139


/proc/sys/vm/max_map_count (maximum number of memory map areas a process may have):
65530


/proc/sys/kernel/pid_max (system-wide limit on number of process identifiers):
4194304



container (cgroup) information:
container_type: cgroupv1
cpu_cpuset_cpus: 0
cpu_memory_nodes: 0
active_processor_count: 1
cpu_quota: no quota
cpu_period: 100000
cpu_shares: no shares
memory_limit_in_bytes: unlimited
memory_and_swap_limit_in_bytes: not supported
memory_soft_limit_in_bytes: unlimited
memory_usage_in_bytes: 54579200
memory_max_usage_in_bytes: 105582592

VMWare virtualization detected
Steal ticks since vm start: 0
Steal ticks percentage since vm start:  0.000

CPU:total 1 (initial active 1) (1 cores per cpu, 1 threads per core) family 6 model 79 stepping 0, cmov, cx8, fxsr, mmx, sse, sse2, sse3, ssse3, sse4.1, sse4.2, popcnt, avx, avx2, aes, clmul, erms, 3dnowpref, lzcnt, tsc, tscinvbit, bmi1, bmi2, adx, fma
CPU Model and flags from /proc/cpuinfo:
model name	: Intel(R) Xeon(R) Gold 5120 CPU @ 2.20GHz
flags		: fpu vme de pse tsc msr pae mce cx8 apic sep mtrr pge mca cmov pat pse36 clflush dts mmx fxsr sse sse2 ss syscall nx pdpe1gb rdtscp lm constant_tsc arch_perfmon pebs bts nopl xtopology tsc_reliable nonstop_tsc cpuid pni pclmulqdq ssse3 fma cx16 pcid sse4_1 sse4_2 x2apic movbe popcnt tsc_deadline_timer aes xsave avx f16c rdrand hypervisor lahf_lm abm 3dnowprefetch cpuid_fault invpcid_single pti ssbd ibrs ibpb stibp fsgsbase tsc_adjust bmi1 avx2 smep bmi2 invpcid rdseed adx smap xsaveopt arat md_clear flush_l1d arch_capabilities

Memory: 4k page, physical 460900k(10792k free), swap 1998844k(1802708k free)

vm_info: OpenJDK 64-Bit Server VM (14.0.1+7-Ubuntu-1ubuntu1) for linux-amd64 JRE (14.0.1+7-Ubuntu-1ubuntu1), built on Apr 18 2020 12:25:53 by "unknown" with gcc 9.3.0

END.
